<?xml version="1.0" encoding="UTF-8"?>
<!-- Generated by org.testng.reporters.JUnitReportReporter -->
<testsuite name="com.qmetry.qaf.automation.step.client.Scenario" tests="1" time="0.617" ignored="0" failures="0" timestamp="11 Dec 2017 10:05:18 GMT" skipped="1" hostname="ICPL12588" errors="0">
  <testcase name="SampleTest" time="0.617" classname="com.qmetry.qaf.automation.step.client.Scenario">
    <skipped/>
  </testcase> <!-- SampleTest -->
</testsuite> <!-- com.qmetry.qaf.automation.step.client.Scenario -->
