<?xml version="1.0" encoding="UTF-8"?>
<!-- Generated by org.testng.reporters.JUnitReportReporter -->
<testsuite name="com.qmetry.qaf.automation.step.client.Scenario" tests="1" time="6.828" ignored="0" failures="0" timestamp="07 Dec 2017 12:43:54 GMT" skipped="0" hostname="ICPL10569" errors="0">
  <testcase name="SampleTest" time="6.828" classname="com.qmetry.qaf.automation.step.client.Scenario"/>
</testsuite> <!-- com.qmetry.qaf.automation.step.client.Scenario -->
